<?xml version="1.0" encoding="UTF-8"?>
<!-- Generated by org.testng.reporters.JUnitReportReporter -->
<testsuite hostname="Nandu" failures="0" tests="1" name="runners.TestRunner" time="66.578" errors="0" timestamp="2024-01-21T13:13:33 IST" skipped="0">
  <testcase classname="runners.TestRunner" name="runScenario" time="66.578"/>
  <system-out/>
</testsuite> <!-- runners.TestRunner -->
